<?xml version="1.0" encoding="UTF-8"?>
<!-- Generated by org.testng.reporters.JUnitReportReporter -->
<testsuite hostname="Harshitha" failures="0" tests="1" name="tests.LoginTest" time="7.856" errors="0" timestamp="2025-08-20T16:16:58 IST" skipped="0">
  <testcase classname="tests.LoginTest" name="testLogin" time="7.856"/>
</testsuite> <!-- tests.LoginTest -->
